<?xml version="1.0" encoding="UTF-8"?>
<!-- Generated by org.testng.reporters.JUnitReportReporter -->
<testsuite hostname="DESKTOP-GLDRG60" failures="0" tests="1" name="com.itlearn.testcases.LoginTest" time="5.261" errors="0" timestamp="2024-01-04T14:41:23 IST" skipped="0">
  <testcase classname="com.itlearn.testcases.LoginTest" name="verifylogin" time="5.261"/>
  <system-out/>
</testsuite> <!-- com.itlearn.testcases.LoginTest -->
