<?xml version="1.0" encoding="UTF-8"?>
<!-- Generated by org.testng.reporters.JUnitReportReporter -->
<testsuite hostname="DESKTOP-GLDRG60" failures="0" tests="1" name="com.itlearn.testcases.TestcaseDemo" time="0.005" errors="0" timestamp="2024-01-01T15:47:14 IST" skipped="0">
  <testcase classname="com.itlearn.testcases.TestcaseDemo" name="testcheck" time="0.005"/>
  <system-out/>
</testsuite> <!-- com.itlearn.testcases.TestcaseDemo -->
