<?xml version="1.0" encoding="UTF-8"?>
<!-- Generated by org.testng.reporters.JUnitReportReporter -->
<testsuite hostname="DESKTOP-GLDRG60" failures="0" tests="1" name="com.itlearn.testcases.SearchTest" time="11.413" errors="0" timestamp="2024-01-05T13:16:29 IST" skipped="0">
  <testcase classname="com.itlearn.testcases.SearchTest" name="searchCourseTesr" time="11.413"/>
  <system-out/>
</testsuite> <!-- com.itlearn.testcases.SearchTest -->
